This file contains any messages produced by compilers while
running configure, to aid debugging if configure makes a mistake.

It was created by configure, which was
generated by GNU Autoconf 2.67.  Invocation command line was

  $ ./configure 

## --------- ##
## Platform. ##
## --------- ##

hostname = berrien
uname -m = x86_64
uname -r = 2.6.32.45-grsec-2.2.2-r3
uname -s = Linux
uname -v = #8 SMP Mon Oct 10 13:33:17 PDT 2011

/usr/bin/uname -p = unknown
/bin/uname -X     = unknown

/bin/arch              = unknown
/usr/bin/arch -k       = unknown
/usr/convex/getsysinfo = unknown
/usr/bin/hostinfo      = unknown
/bin/machine           = unknown
/usr/bin/oslevel       = unknown
/bin/universe          = unknown

PATH: /home/ebounds/.gems/bin
PATH: /usr/lib/ruby/gems/1.8/bin/
PATH: /usr/local/bin
PATH: /usr/bin
PATH: /bin
PATH: /usr/bin/X11
PATH: /usr/games
PATH: ~/pear/php/drush/drush
PATH: /usr/local/bin


## ----------- ##
## Core tests. ##
## ----------- ##

configure:2581: checking for grep that handles long lines and -e
configure:2639: result: /bin/grep
configure:2644: checking for egrep
configure:2706: result: /bin/grep -E
configure:2711: checking for a sed that does not truncate output
configure:2765: result: /bin/sed
configure:2897: checking for cc
configure:2913: found /usr/bin/cc
configure:2924: result: cc
configure:2955: checking for C compiler version
configure:2964: cc --version >&5
cc (Debian 4.4.5-8) 4.4.5
Copyright (C) 2010 Free Software Foundation, Inc.
This is free software; see the source for copying conditions.  There is NO
warranty; not even for MERCHANTABILITY or FITNESS FOR A PARTICULAR PURPOSE.

configure:2975: $? = 0
configure:2964: cc -v >&5
Using built-in specs.
Target: x86_64-linux-gnu
Configured with: ../src/configure -v --with-pkgversion='Debian 4.4.5-8' --with-bugurl=file:///usr/share/doc/gcc-4.4/README.Bugs --enable-languages=c,c++,fortran,objc,obj-c++ --prefix=/usr --program-suffix=-4.4 --enable-shared --enable-multiarch --enable-linker-build-id --with-system-zlib --libexecdir=/usr/lib --without-included-gettext --enable-threads=posix --with-gxx-include-dir=/usr/include/c++/4.4 --libdir=/usr/lib --enable-nls --enable-clocale=gnu --enable-libstdcxx-debug --enable-objc-gc --with-arch-32=i586 --with-tune=generic --enable-checking=release --build=x86_64-linux-gnu --host=x86_64-linux-gnu --target=x86_64-linux-gnu
Thread model: posix
gcc version 4.4.5 (Debian 4.4.5-8) 
configure:2975: $? = 0
configure:2964: cc -V >&5
cc: '-V' option must have argument
configure:2975: $? = 1
configure:2964: cc -qversion >&5
cc: unrecognized option '-qversion'
cc: no input files
configure:2975: $? = 1
configure:2995: checking whether the C compiler works
configure:3017: cc    conftest.c  >&5
configure:3021: $? = 0
configure:3069: result: yes
configure:3072: checking for C compiler default output file name
configure:3074: result: a.out
configure:3080: checking for suffix of executables
configure:3087: cc -o conftest    conftest.c  >&5
configure:3091: $? = 0
configure:3113: result: 
configure:3135: checking whether we are cross compiling
configure:3143: cc -o conftest    conftest.c  >&5
configure:3147: $? = 0
configure:3154: ./conftest
configure:3158: $? = 0
configure:3173: result: no
configure:3178: checking for suffix of object files
configure:3200: cc -c   conftest.c >&5
configure:3204: $? = 0
configure:3225: result: o
configure:3229: checking whether we are using the GNU C compiler
configure:3248: cc -c   conftest.c >&5
configure:3248: $? = 0
configure:3257: result: yes
configure:3266: checking whether cc accepts -g
configure:3286: cc -c -g  conftest.c >&5
configure:3286: $? = 0
configure:3327: result: yes
configure:3344: checking for cc option to accept ISO C89
configure:3408: cc  -c -g -O2  conftest.c >&5
configure:3408: $? = 0
configure:3421: result: none needed
configure:3447: checking how to run the C preprocessor
configure:3478: cc -E  conftest.c
configure:3478: $? = 0
configure:3492: cc -E  conftest.c
conftest.c:9:28: error: ac_nonexistent.h: No such file or directory
configure:3492: $? = 1
configure: failed program was:
| /* confdefs.h */
| #define PACKAGE_NAME ""
| #define PACKAGE_TARNAME ""
| #define PACKAGE_VERSION ""
| #define PACKAGE_STRING ""
| #define PACKAGE_BUGREPORT ""
| #define PACKAGE_URL ""
| /* end confdefs.h.  */
| #include <ac_nonexistent.h>
configure:3517: result: cc -E
configure:3537: cc -E  conftest.c
configure:3537: $? = 0
configure:3551: cc -E  conftest.c
conftest.c:9:28: error: ac_nonexistent.h: No such file or directory
configure:3551: $? = 1
configure: failed program was:
| /* confdefs.h */
| #define PACKAGE_NAME ""
| #define PACKAGE_TARNAME ""
| #define PACKAGE_VERSION ""
| #define PACKAGE_STRING ""
| #define PACKAGE_BUGREPORT ""
| #define PACKAGE_URL ""
| /* end confdefs.h.  */
| #include <ac_nonexistent.h>
configure:3582: checking for icc
configure:3591: result: no
configure:3605: checking for suncc
configure:3614: result: no
configure:3632: checking whether cc understands -c and -o together
configure:3660: cc -c conftest.c -o conftest2.o >&5
configure:3664: $? = 0
configure:3670: cc -c conftest.c -o conftest2.o >&5
configure:3674: $? = 0
configure:3729: result: yes
configure:3743: checking for system library directory
configure:3761: result: lib
configure:3768: checking if compiler supports -R
configure:3787: cc -o conftest -g -O2   conftest.c -R /usr/lib  >&5
cc: unrecognized option '-R'
/usr/bin/ld: /usr/lib: No such file: File format not recognized
collect2: ld returned 1 exit status
configure:3787: $? = 1
configure: failed program was:
| /* confdefs.h */
| #define PACKAGE_NAME ""
| #define PACKAGE_TARNAME ""
| #define PACKAGE_VERSION ""
| #define PACKAGE_STRING ""
| #define PACKAGE_BUGREPORT ""
| #define PACKAGE_URL ""
| /* end confdefs.h.  */
| 
| int
| main ()
| {
| 
|   ;
|   return 0;
| }
configure:3797: result: no
configure:3802: checking if compiler supports -Wl,-rpath,
configure:3821: cc -o conftest -g -O2   conftest.c -Wl,-rpath,/usr/lib  >&5
configure:3821: $? = 0
configure:3831: result: yes
configure:3876: checking build system type
configure:3890: result: x86_64-unknown-linux-gnu
configure:3910: checking host system type
configure:3923: result: x86_64-unknown-linux-gnu
configure:3943: checking target system type
configure:3956: result: x86_64-unknown-linux-gnu
configure:4062: checking for PHP prefix
configure:4064: result: /usr/local/php5
configure:4066: checking for PHP includes
configure:4068: result: -I/usr/local/php5/include/php -I/usr/local/php5/include/php/main -I/usr/local/php5/include/php/TSRM -I/usr/local/php5/include/php/Zend -I/usr/local/php5/include/php/ext -I/usr/local/php5/include/php/ext/date/lib
configure:4070: checking for PHP extension directory
configure:4072: result: /usr/local/php5/lib/php/extensions/no-debug-non-zts-20060613
configure:4074: checking for PHP installed headers prefix
configure:4076: result: /usr/local/php5/include/php
configure:4079: checking if debug is enabled
configure:4105: result: no
configure:4108: checking if zts is enabled
configure:4134: result: no
configure:4216: checking for re2c
configure:4246: result: no
configure:4271: WARNING: You will need re2c 0.13.4 or later if you want to regenerate PHP parsers.
configure:4285: checking for gawk
configure:4302: found /usr/bin/gawk
configure:4313: result: gawk
configure:4357: checking whether to enable uploadprogress functions
configure:4399: result: yes, shared
configure:4804: checking for ld used by cc
configure:4871: result: /usr/bin/ld
configure:4878: checking if the linker (/usr/bin/ld) is GNU ld
configure:4893: result: yes
configure:4898: checking for /usr/bin/ld option to reload object files
configure:4905: result: -r
configure:4923: checking for BSD-compatible nm
configure:4972: result: /usr/bin/nm -B
configure:4976: checking whether ln -s works
configure:4980: result: yes
configure:4987: checking how to recognize dependent libraries
configure:5173: result: pass_all
configure:5258: cc -c -g -O2  conftest.c >&5
configure:5261: $? = 0
configure:5385: checking for ANSI C header files
configure:5405: cc -c -g -O2  conftest.c >&5
configure:5405: $? = 0
configure:5478: cc -o conftest -g -O2   conftest.c  >&5
configure:5478: $? = 0
configure:5478: ./conftest
configure:5478: $? = 0
configure:5489: result: yes
configure:5502: checking for sys/types.h
configure:5502: cc -c -g -O2  conftest.c >&5
configure:5502: $? = 0
configure:5502: result: yes
configure:5502: checking for sys/stat.h
configure:5502: cc -c -g -O2  conftest.c >&5
configure:5502: $? = 0
configure:5502: result: yes
configure:5502: checking for stdlib.h
configure:5502: cc -c -g -O2  conftest.c >&5
configure:5502: $? = 0
configure:5502: result: yes
configure:5502: checking for string.h
configure:5502: cc -c -g -O2  conftest.c >&5
configure:5502: $? = 0
configure:5502: result: yes
configure:5502: checking for memory.h
configure:5502: cc -c -g -O2  conftest.c >&5
configure:5502: $? = 0
configure:5502: result: yes
configure:5502: checking for strings.h
configure:5502: cc -c -g -O2  conftest.c >&5
configure:5502: $? = 0
configure:5502: result: yes
configure:5502: checking for inttypes.h
configure:5502: cc -c -g -O2  conftest.c >&5
configure:5502: $? = 0
configure:5502: result: yes
configure:5502: checking for stdint.h
configure:5502: cc -c -g -O2  conftest.c >&5
configure:5502: $? = 0
configure:5502: result: yes
configure:5502: checking for unistd.h
configure:5502: cc -c -g -O2  conftest.c >&5
configure:5502: $? = 0
configure:5502: result: yes
configure:5516: checking dlfcn.h usability
configure:5516: cc -c -g -O2  conftest.c >&5
configure:5516: $? = 0
configure:5516: result: yes
configure:5516: checking dlfcn.h presence
configure:5516: cc -E  conftest.c
configure:5516: $? = 0
configure:5516: result: yes
configure:5516: checking for dlfcn.h
configure:5516: result: yes
configure:5538: checking the maximum length of command line arguments
configure:5650: result: 1572864
configure:5662: checking command to parse /usr/bin/nm -B output from cc object
configure:5767: cc -c -g -O2  conftest.c >&5
configure:5770: $? = 0
configure:5774: /usr/bin/nm -B conftest.o \| sed -n -e 's/^.*[ 	]\([ABCDGIRSTW][ABCDGIRSTW]*\)[ 	][ 	]*\([_A-Za-z][_A-Za-z0-9]*\)$/\1 \2 \2/p' \> conftest.nm
configure:5777: $? = 0
configure:5829: cc -o conftest -g -O2   conftest.c conftstm.o >&5
configure:5832: $? = 0
configure:5870: result: ok
configure:5874: checking for objdir
configure:5889: result: .libs
configure:5981: checking for ar
configure:5997: found /usr/bin/ar
configure:6008: result: ar
configure:6073: checking for ranlib
configure:6089: found /usr/bin/ranlib
configure:6100: result: ranlib
configure:6165: checking for strip
configure:6181: found /usr/bin/strip
configure:6192: result: strip
configure:6761: checking if cc supports -fno-rtti -fno-exceptions
configure:6779: cc -c -g -O2  -fno-rtti -fno-exceptions conftest.c >&5
cc1: warning: command line option "-fno-rtti" is valid for C++/ObjC++ but not for C
configure:6783: $? = 0
configure:6796: result: no
configure:6811: checking for cc option to produce PIC
configure:7051: result: -fPIC
configure:7059: checking if cc PIC flag -fPIC works
configure:7077: cc -c -g -O2  -fPIC -DPIC conftest.c >&5
configure:7081: $? = 0
configure:7094: result: yes
configure:7122: checking if cc static flag -static works
configure:7150: result: yes
configure:7160: checking if cc supports -c -o file.o
configure:7181: cc -c -g -O2  -o out/conftest2.o conftest.c >&5
configure:7185: $? = 0
configure:7207: result: yes
configure:7233: checking whether the cc linker (/usr/bin/ld -m elf_x86_64) supports shared libraries
configure:8165: result: yes
configure:8186: checking whether -lc should be explicitly linked in
configure:8191: cc -c -g -O2  conftest.c >&5
configure:8194: $? = 0
configure:8209: cc -shared conftest.o  -v -Wl,-soname -Wl,conftest -o conftest 2\>\&1 \| grep  -lc  \>/dev/null 2\>\&1
configure:8212: $? = 0
configure:8224: result: no
configure:8232: checking dynamic linker characteristics
configure:8834: result: GNU/Linux ld.so
configure:8858: checking how to hardcode library paths into programs
configure:8883: result: immediate
configure:8897: checking whether stripping libraries is possible
configure:8902: result: yes
configure:9419: checking if libtool supports shared libraries
configure:9421: result: yes
configure:9424: checking whether to build shared libraries
configure:9445: result: yes
configure:9448: checking whether to build static libraries
configure:9452: result: no
configure:9547: result:
creating libtool
configure:13239: creating ./config.status

## ---------------------- ##
## Running config.status. ##
## ---------------------- ##

This file was extended by config.status, which was
generated by GNU Autoconf 2.67.  Invocation command line was

  CONFIG_FILES    = 
  CONFIG_HEADERS  = 
  CONFIG_LINKS    = 
  CONFIG_COMMANDS = 
  $ ./config.status 

on berrien

config.status:686: creating config.h

## ---------------- ##
## Cache variables. ##
## ---------------- ##

ac_cv_build=x86_64-unknown-linux-gnu
ac_cv_c_compiler_gnu=yes
ac_cv_env_CC_set=
ac_cv_env_CC_value=
ac_cv_env_CFLAGS_set=
ac_cv_env_CFLAGS_value=
ac_cv_env_CPPFLAGS_set=
ac_cv_env_CPPFLAGS_value=
ac_cv_env_CPP_set=
ac_cv_env_CPP_value=
ac_cv_env_LDFLAGS_set=
ac_cv_env_LDFLAGS_value=
ac_cv_env_LIBS_set=
ac_cv_env_LIBS_value=
ac_cv_env_build_alias_set=
ac_cv_env_build_alias_value=
ac_cv_env_host_alias_set=
ac_cv_env_host_alias_value=
ac_cv_env_target_alias_set=
ac_cv_env_target_alias_value=
ac_cv_header_dlfcn_h=yes
ac_cv_header_inttypes_h=yes
ac_cv_header_memory_h=yes
ac_cv_header_stdc=yes
ac_cv_header_stdint_h=yes
ac_cv_header_stdlib_h=yes
ac_cv_header_string_h=yes
ac_cv_header_strings_h=yes
ac_cv_header_sys_stat_h=yes
ac_cv_header_sys_types_h=yes
ac_cv_header_unistd_h=yes
ac_cv_host=x86_64-unknown-linux-gnu
ac_cv_objext=o
ac_cv_path_EGREP='/bin/grep -E'
ac_cv_path_GREP=/bin/grep
ac_cv_prog_AWK=gawk
ac_cv_prog_CPP='cc -E'
ac_cv_prog_ac_ct_AR=ar
ac_cv_prog_ac_ct_CC=cc
ac_cv_prog_ac_ct_RANLIB=ranlib
ac_cv_prog_ac_ct_STRIP=strip
ac_cv_prog_cc_c89=
ac_cv_prog_cc_cc_c_o=yes
ac_cv_prog_cc_g=yes
ac_cv_target=x86_64-unknown-linux-gnu
lt_cv_deplibs_check_method=pass_all
lt_cv_file_magic_cmd='$MAGIC_CMD'
lt_cv_file_magic_test_file=
lt_cv_ld_reload_flag=-r
lt_cv_objdir=.libs
lt_cv_path_LD=/usr/bin/ld
lt_cv_path_NM='/usr/bin/nm -B'
lt_cv_path_SED=/bin/sed
lt_cv_prog_compiler_c_o=yes
lt_cv_prog_compiler_pic_works=yes
lt_cv_prog_compiler_rtti_exceptions=no
lt_cv_prog_compiler_static_works=yes
lt_cv_prog_gnu_ld=yes
lt_cv_sys_global_symbol_pipe='sed -n -e '\''s/^.*[ 	]\([ABCDGIRSTW][ABCDGIRSTW]*\)[ 	][ 	]*\([_A-Za-z][_A-Za-z0-9]*\)$/\1 \2 \2/p'\'''
lt_cv_sys_global_symbol_to_c_name_address='sed -n -e '\''s/^: \([^ ]*\) $/  {\"\1\", (lt_ptr) 0},/p'\'' -e '\''s/^[BCDEGRST] \([^ ]*\) \([^ ]*\)$/  {"\2", (lt_ptr) \&\2},/p'\'''
lt_cv_sys_global_symbol_to_cdecl='sed -n -e '\''s/^. .* \(.*\)$/extern int \1;/p'\'''
lt_cv_sys_lib_dlsearch_path_spec='/lib /usr/lib /usr/local/lib /lib/x86_64-linux-gnu /usr/lib/x86_64-linux-gnu '
lt_cv_sys_lib_search_path_spec='/usr/lib/gcc/x86_64-linux-gnu/4.4.5 /usr/lib /lib'
lt_cv_sys_max_cmd_len=1572864
lt_lt_cv_prog_compiler_c_o='"yes"'
lt_lt_cv_sys_global_symbol_pipe='"sed -n -e '\''s/^.*[ 	]\\([ABCDGIRSTW][ABCDGIRSTW]*\\)[ 	][ 	]*\\([_A-Za-z][_A-Za-z0-9]*\\)\$/\\1 \\2 \\2/p'\''"'
lt_lt_cv_sys_global_symbol_to_c_name_address='"sed -n -e '\''s/^: \\([^ ]*\\) \$/  {\\\"\\1\\\", (lt_ptr) 0},/p'\'' -e '\''s/^[BCDEGRST] \\([^ ]*\\) \\([^ ]*\\)\$/  {\"\\2\", (lt_ptr) \\&\\2},/p'\''"'
lt_lt_cv_sys_global_symbol_to_cdecl='"sed -n -e '\''s/^. .* \\(.*\\)\$/extern int \\1;/p'\''"'
php_cv_cc_dashr=no
php_cv_cc_rpath=yes

## ----------------- ##
## Output variables. ##
## ----------------- ##

AR='ar'
AWK='gawk'
CC='cc'
CFLAGS='-g -O2'
CONFIGURE_COMMAND=' '\''./configure'\'' '
CONFIGURE_OPTIONS=''
CPP='cc -E'
CPPFLAGS=' -DHAVE_CONFIG_H'
DEFS='-DHAVE_CONFIG_H'
DSYMUTIL=''
ECHO='echo'
ECHO_C=''
ECHO_N='-n'
ECHO_T=''
EGREP='/bin/grep -E'
EXEEXT=''
GREP='/bin/grep'
LDFLAGS=''
LIBOBJS=''
LIBS=''
LIBTOOL='$(SHELL) $(top_builddir)/libtool'
LN_S='ln -s'
LTLIBOBJS=''
NMEDIT=''
OBJEXT='o'
PACKAGE_BUGREPORT=''
PACKAGE_NAME=''
PACKAGE_STRING=''
PACKAGE_TARNAME=''
PACKAGE_URL=''
PACKAGE_VERSION=''
PATH_SEPARATOR=':'
RANLIB='ranlib'
RE2C='exit 0;'
SED='/bin/sed'
SHELL='/bin/sh'
SHLIB_DL_SUFFIX_NAME='so'
SHLIB_SUFFIX_NAME='so'
STRIP='strip'
ac_ct_CC='cc'
bindir='${exec_prefix}/bin'
build='x86_64-unknown-linux-gnu'
build_alias=''
build_cpu='x86_64'
build_os='linux-gnu'
build_vendor='unknown'
datadir='${datarootdir}'
datarootdir='${prefix}/share'
docdir='${datarootdir}/doc/${PACKAGE}'
dvidir='${docdir}'
exec_prefix='$(prefix)'
host='x86_64-unknown-linux-gnu'
host_alias='x86_64-unknown-linux-gnu'
host_cpu='x86_64'
host_os='linux-gnu'
host_vendor='unknown'
htmldir='${docdir}'
includedir='${prefix}/include'
infodir='${datarootdir}/info'
libdir='${exec_prefix}/lib'
libexecdir='${exec_prefix}/libexec'
localedir='${datarootdir}/locale'
localstatedir='${prefix}/var'
mandir='${datarootdir}/man'
oldincludedir='/usr/include'
pdfdir='${docdir}'
prefix='/usr/local/php5'
program_transform_name='s,x,x,'
psdir='${docdir}'
sbindir='${exec_prefix}/sbin'
sharedstatedir='${prefix}/com'
sysconfdir='${prefix}/etc'
target='x86_64-unknown-linux-gnu'
target_alias=''
target_cpu='x86_64'
target_os='linux-gnu'
target_vendor='unknown'

## ----------- ##
## confdefs.h. ##
## ----------- ##

/* confdefs.h */
#define PACKAGE_NAME ""
#define PACKAGE_TARNAME ""
#define PACKAGE_VERSION ""
#define PACKAGE_STRING ""
#define PACKAGE_BUGREPORT ""
#define PACKAGE_URL ""
#define HAVE_UPLOADPROGRESS 1
#define COMPILE_DL_UPLOADPROGRESS 1
#define STDC_HEADERS 1
#define HAVE_SYS_TYPES_H 1
#define HAVE_SYS_STAT_H 1
#define HAVE_STDLIB_H 1
#define HAVE_STRING_H 1
#define HAVE_MEMORY_H 1
#define HAVE_STRINGS_H 1
#define HAVE_INTTYPES_H 1
#define HAVE_STDINT_H 1
#define HAVE_UNISTD_H 1
#define HAVE_DLFCN_H 1

configure: exit 0
